[07/10/25 14:46:29][__main__][INFO] - Loading the text model
[07/10/25 14:46:31][__main__][INFO] - Loading the model
[07/10/25 14:46:31][src.load][INFO] -     motion_decoder loaded
[07/10/25 14:46:31][src.load][INFO] -     text_encoder loaded
[07/10/25 14:46:31][src.load][INFO] -     motion_encoder loaded
[07/10/25 14:46:31][src.load][INFO] - Loading previous checkpoint done
[07/10/25 14:46:31][src.load][INFO] - Put the model on cuda
[07/10/25 14:46:31][src.load][INFO] - Put the model in eval mode
[07/10/25 14:46:31][lightning_fabric.utilities.seed][INFO] - Seed set to 1234
[07/10/25 14:46:33][__main__][INFO] - Encoding done, latent saved in:
RUN_DIR/encoded/a_person_is_walking_forward..npy
[07/10/25 14:47:10][__main__][INFO] - Loading the text model
[07/10/25 14:47:11][__main__][INFO] - Loading the model
[07/10/25 14:47:11][src.load][INFO] -     motion_decoder loaded
[07/10/25 14:47:11][src.load][INFO] -     text_encoder loaded
[07/10/25 14:47:11][src.load][INFO] -     motion_encoder loaded
[07/10/25 14:47:11][src.load][INFO] - Loading previous checkpoint done
[07/10/25 14:47:11][src.load][INFO] - Put the model on cuda
[07/10/25 14:47:11][src.load][INFO] - Put the model in eval mode
[07/10/25 14:47:11][lightning_fabric.utilities.seed][INFO] - Seed set to 1234
[07/10/25 14:47:11][__main__][INFO] - Encoding done, latent saved in:
RUN_DIR/encoded/a_man_sets_to_do_a_backflips_then_fails_back_flip_and_falls_to_the_ground.npy
