[05/10/25 22:06:11][__main__][INFO] - Compute token embeddings for distilbert-base-uncased
[05/10/25 22:08:45][__main__][INFO] - Compute token embeddings for distilbert-base-uncased
[05/10/25 22:08:55][huggingface_hub.utils._http][WARNING] - '(MaxRetryError("HTTPSConnectionPool(host='huggingface.co', port=443): Max retries exceeded with url: /distilbert-base-uncased/resolve/main/tokenizer_config.json (Caused by NewConnectionError('<urllib3.connection.HTTPSConnection object at 0x736dc2c1db40>: Failed to establish a new connection: [Errno 101] Network is unreachable'))"), '(Request ID: 7d060b55-3c76-4c48-971f-ba22a08919cf)')' thrown while requesting HEAD https://huggingface.co/distilbert-base-uncased/resolve/main/tokenizer_config.json
[05/10/25 22:08:55][huggingface_hub.utils._http][WARNING] - Retrying in 1s [Retry 1/5].
[05/10/25 22:09:06][huggingface_hub.utils._http][WARNING] - '(MaxRetryError("HTTPSConnectionPool(host='huggingface.co', port=443): Max retries exceeded with url: /distilbert-base-uncased/resolve/main/tokenizer_config.json (Caused by NewConnectionError('<urllib3.connection.HTTPSConnection object at 0x736dc2c1dea0>: Failed to establish a new connection: [Errno 101] Network is unreachable'))"), '(Request ID: 0a956082-fbe7-485d-8e61-3edb7fba5f53)')' thrown while requesting HEAD https://huggingface.co/distilbert-base-uncased/resolve/main/tokenizer_config.json
[05/10/25 22:09:06][huggingface_hub.utils._http][WARNING] - Retrying in 2s [Retry 2/5].
[05/10/25 22:09:18][huggingface_hub.utils._http][WARNING] - '(MaxRetryError("HTTPSConnectionPool(host='huggingface.co', port=443): Max retries exceeded with url: /distilbert-base-uncased/resolve/main/tokenizer_config.json (Caused by NewConnectionError('<urllib3.connection.HTTPSConnection object at 0x736dc2c1e200>: Failed to establish a new connection: [Errno 101] Network is unreachable'))"), '(Request ID: cab794c3-af6c-4aa0-9eaf-b1ed50a733ad)')' thrown while requesting HEAD https://huggingface.co/distilbert-base-uncased/resolve/main/tokenizer_config.json
[05/10/25 22:09:18][huggingface_hub.utils._http][WARNING] - Retrying in 4s [Retry 3/5].
[05/10/25 22:09:32][huggingface_hub.utils._http][WARNING] - '(MaxRetryError("HTTPSConnectionPool(host='huggingface.co', port=443): Max retries exceeded with url: /distilbert-base-uncased/resolve/main/tokenizer_config.json (Caused by NewConnectionError('<urllib3.connection.HTTPSConnection object at 0x736dc2c1e560>: Failed to establish a new connection: [Errno 101] Network is unreachable'))"), '(Request ID: 1c3948e9-d02f-4208-86ec-50fd20d75e0b)')' thrown while requesting HEAD https://huggingface.co/distilbert-base-uncased/resolve/main/tokenizer_config.json
[05/10/25 22:09:32][huggingface_hub.utils._http][WARNING] - Retrying in 8s [Retry 4/5].
[05/10/25 22:09:50][huggingface_hub.utils._http][WARNING] - '(MaxRetryError("HTTPSConnectionPool(host='huggingface.co', port=443): Max retries exceeded with url: /distilbert-base-uncased/resolve/main/tokenizer_config.json (Caused by NewConnectionError('<urllib3.connection.HTTPSConnection object at 0x736dc2c1e8c0>: Failed to establish a new connection: [Errno 101] Network is unreachable'))"), '(Request ID: f677fa9d-c128-461c-b5c4-aca1bfe22d23)')' thrown while requesting HEAD https://huggingface.co/distilbert-base-uncased/resolve/main/tokenizer_config.json
[05/10/25 22:09:50][huggingface_hub.utils._http][WARNING] - Retrying in 8s [Retry 5/5].
[05/10/25 22:10:08][huggingface_hub.utils._http][WARNING] - '(MaxRetryError("HTTPSConnectionPool(host='huggingface.co', port=443): Max retries exceeded with url: /distilbert-base-uncased/resolve/main/tokenizer_config.json (Caused by NewConnectionError('<urllib3.connection.HTTPSConnection object at 0x736dc2c1ec20>: Failed to establish a new connection: [Errno 101] Network is unreachable'))"), '(Request ID: a49e377d-e2d0-4b14-b6bb-477834323dea)')' thrown while requesting HEAD https://huggingface.co/distilbert-base-uncased/resolve/main/tokenizer_config.json
[05/10/25 22:10:18][huggingface_hub.utils._http][WARNING] - '(MaxRetryError("HTTPSConnectionPool(host='huggingface.co', port=443): Max retries exceeded with url: /distilbert-base-uncased/resolve/main/config.json (Caused by NewConnectionError('<urllib3.connection.HTTPSConnection object at 0x736dc2c1e320>: Failed to establish a new connection: [Errno 101] Network is unreachable'))"), '(Request ID: 1345c05a-50bf-4c85-b184-3288be47492b)')' thrown while requesting HEAD https://huggingface.co/distilbert-base-uncased/resolve/main/config.json
[05/10/25 22:10:18][huggingface_hub.utils._http][WARNING] - Retrying in 1s [Retry 1/5].
[05/10/25 22:10:29][huggingface_hub.utils._http][WARNING] - '(MaxRetryError("HTTPSConnectionPool(host='huggingface.co', port=443): Max retries exceeded with url: /distilbert-base-uncased/resolve/main/config.json (Caused by NewConnectionError('<urllib3.connection.HTTPSConnection object at 0x736dc2c1df30>: Failed to establish a new connection: [Errno 101] Network is unreachable'))"), '(Request ID: 9853427d-3706-4641-88dd-86b66fc4f602)')' thrown while requesting HEAD https://huggingface.co/distilbert-base-uncased/resolve/main/config.json
[05/10/25 22:10:29][huggingface_hub.utils._http][WARNING] - Retrying in 2s [Retry 2/5].
[05/10/25 22:12:17][__main__][INFO] - Compute token embeddings for distilbert-base-uncased
[05/10/25 22:13:21][__main__][INFO] - Compute sentence embeddings for sentence-transformers/all-mpnet-base-v2
[07/10/25 14:33:29][__main__][INFO] - Compute token embeddings for distilbert-base-uncased
[07/10/25 14:33:52][__main__][INFO] - Compute sentence embeddings for sentence-transformers/all-mpnet-base-v2
